<?xml version="1.0" encoding="UTF-8"?>
<!-- Generated by org.testng.reporters.JUnitXMLReporter -->
<testsuite hostname="shenyu-imac.lan" ignored="0" name="Test" tests="3" failures="0" timestamp="2020-05-23T23:25:11 PDT" time="42.243" errors="0">
  <testcase name="t1_saveTwoArticlesIntoOneList" time="21.79" classname="tests.WikiAppTests"/>
  <testcase name="t2_articleInTheListMatchTheActualArticle" time="2.577" classname="tests.WikiAppTests"/>
  <testcase name="t3_verifyTheScreenCanBeRotated" time="2.615" classname="tests.WikiAppTests"/>
</testsuite> <!-- Test -->
